2021-06-16 13:12:33,057 1.py [366] :hello
2021-06-16 13:12:33,057 1.py [367] :hello
2021-06-16 13:12:33,057 1.py [368] :hello
2021-06-16 13:12:33,057 1.py [369] :hello
2021-06-16 13:12:33,057 1.py [370] :hello
2021-06-16 13:23:11,997 1.py [376] :1 debug message
2021-06-16 13:23:11,997 1.py [377] :1 info message
2021-06-16 13:23:11,997 1.py [378] :1 warning message
2021-06-16 13:23:11,997 1.py [379] :1 error message
2021-06-16 13:23:11,997 1.py [380] :1 critical message
2021-06-16 13:23:30,365 1.py [376] :1 debug message
2021-06-16 13:23:30,365 1.py [377] :1 info message
2021-06-16 13:23:30,365 1.py [378] :1 warning message
2021-06-16 13:23:30,365 1.py [379] :1 error message
2021-06-16 13:23:30,366 1.py [380] :1 critical message
2021-06-16 13:34:26,549 1.py [377] :1 debug message
2021-06-16 13:34:26,550 1.py [378] :1 info message
2021-06-16 13:34:26,550 1.py [379] :1 warning message
2021-06-16 13:34:26,550 1.py [380] :1 error message
2021-06-16 13:34:26,550 1.py [381] :1 critical message
2021-06-16 13:34:34,838 1.py [377] :1 debug message
2021-06-16 13:34:34,838 1.py [378] :1 info message
2021-06-16 13:34:34,838 1.py [379] :1 warning message
2021-06-16 13:34:34,838 1.py [380] :1 error message
2021-06-16 13:34:34,838 1.py [381] :1 critical message
2021-06-16 13:34:36,933 1.py [377] :1 debug message
2021-06-16 13:34:36,933 1.py [378] :1 info message
2021-06-16 13:34:36,933 1.py [379] :1 warning message
2021-06-16 13:34:36,933 1.py [380] :1 error message
2021-06-16 13:34:36,933 1.py [381] :1 critical message
2021-06-16 13:34:38,078 1.py [377] :1 debug message
2021-06-16 13:34:38,078 1.py [378] :1 info message
2021-06-16 13:34:38,079 1.py [379] :1 warning message
2021-06-16 13:34:38,079 1.py [380] :1 error message
2021-06-16 13:34:38,079 1.py [381] :1 critical message
2021-06-16 13:34:39,050 1.py [377] :1 debug message
2021-06-16 13:34:39,050 1.py [378] :1 info message
2021-06-16 13:34:39,050 1.py [379] :1 warning message
2021-06-16 13:34:39,050 1.py [380] :1 error message
2021-06-16 13:34:39,051 1.py [381] :1 critical message
2021-06-16 13:34:41,010 1.py [377] :1 debug message
2021-06-16 13:34:41,010 1.py [378] :1 info message
2021-06-16 13:34:41,010 1.py [379] :1 warning message
2021-06-16 13:34:41,010 1.py [380] :1 error message
2021-06-16 13:34:41,010 1.py [381] :1 critical message
